[debug] > Exec(;set _root_.scala.collection.Seq(historyPath := None,shellPrompt := { _ => "" },SettingKey[_root_.scala.Option[_root_.sbt.File]]("sbtStructureOutputFile") in _root_.sbt.Global := _root_.scala.Some(_root_.sbt.file("/tmp/sbt-structure.xml")),SettingKey[_root_.java.lang.String]("sbtStructureOptions") in _root_.sbt.Global := "download, resolveClassifiers");apply -cp "/home/nenad/.local/share/JetBrains/IdeaIC2022.3/Scala/repo/org/jetbrains/scala/sbt-structure-extractor_2.12_1.0/2022.3.1/sbt-structure-extractor-2022.3.1.jar" org.jetbrains.sbt.CreateTasks;preferScala2;*/*:dumpStructure, Some(566bebb5-0309-48cb-ad04-9359a2aadc94), Some(CommandSource(console0)))
[debug] > Exec(set _root_.scala.collection.Seq(historyPath := None,shellPrompt := { _ => "" },SettingKey[_root_.scala.Option[_root_.sbt.File]]("sbtStructureOutputFile") in _root_.sbt.Global := _root_.scala.Some(_root_.sbt.file("/tmp/sbt-structure.xml")),SettingKey[_root_.java.lang.String]("sbtStructureOptions") in _root_.sbt.Global := "download, resolveClassifiers"), None, Some(CommandSource(console0)))
[info] Defining Global / sbtStructureOptions, Global / sbtStructureOutputFile and 1 others.
[info] The new values will be used by cleanKeepGlobs
[info] 	Run `last` for details.
[debug] Defining 
[debug] 	Global / sbtStructureOptions
[debug] 	Global / sbtStructureOutputFile
[debug] 	history
[debug] 	shellPrompt
[debug] 
[debug] The new values will be used by 
[debug] 	cleanKeepGlobs
[info] Reapplying settings...
[info] set current project to scala-book (in build file:/home/nenad/Desktop/scala-book/)
[debug] > Exec(apply -cp "/home/nenad/.local/share/JetBrains/IdeaIC2022.3/Scala/repo/org/jetbrains/scala/sbt-structure-extractor_2.12_1.0/2022.3.1/sbt-structure-extractor-2022.3.1.jar" org.jetbrains.sbt.CreateTasks, None, Some(CommandSource(console0)))
[info] Applying State transformations org.jetbrains.sbt.CreateTasks from /home/nenad/.local/share/JetBrains/IdeaIC2022.3/Scala/repo/org/jetbrains/scala/sbt-structure-extractor_2.12_1.0/2022.3.1/sbt-structure-extractor-2022.3.1.jar
[info] Reapplying settings...
[info] set current project to scala-book (in build file:/home/nenad/Desktop/scala-book/)
[debug] > Exec(preferScala2, None, Some(CommandSource(console0)))
[debug] > Exec(*/*:dumpStructure, None, Some(CommandSource(console0)))
[debug] Evaluating tasks: Global / dumpStructure
[warn] sbt 0.13 shell syntax is deprecated; use slash syntax instead: Global / dumpStructure
[debug] Running task... Cancel: Signal, check cycles: false, forcegc: true
[warn] scala-library-2.12.15-sources.jar no longer exists at /C:/Users/NENAD/AppData/Local/Coursier/Cache/v1/https/repo1.maven.org/maven2/org/scala-lang/scala-library/2.12.15/scala-library-2.12.15-sources.jar
[info] shutting down sbt server
